# JRE version: OpenJDK Runtime Environment (11.0.5+10) (build 11.0.5+10-LTS)
# Java VM: OpenJDK 64-Bit Server VM (11.0.5+10-LTS, mixed mode, tiered, compressed oops, g1 gc, bsd-amd64)
Heap:
 garbage-first heap   total 131072K, used 20469K [0x0000000780000000, 0x0000000800000000)
  region size 1024K, 14 young (14336K), 6 survivors (6144K)
 Metaspace       used 31474K, capacity 32713K, committed 32896K, reserved 1077248K
  class space    used 4096K, capacity 4635K, committed 4736K, reserved 1048576K
GC Heap History (8 events):
Event: 8.288 GC heap before
{Heap before GC invocations=0 (full 0):
 garbage-first heap   total 131072K, used 23552K [0x0000000780000000, 0x0000000800000000)
  region size 1024K, 24 young (24576K), 0 survivors (0K)
 Metaspace       used 14193K, capacity 14556K, committed 14848K, reserved 1062912K
  class space    used 1380K, capacity 1514K, committed 1536K, reserved 1048576K
}
Event: 8.365 GC heap after
{Heap after GC invocations=1 (full 0):
 garbage-first heap   total 131072K, used 5303K [0x0000000780000000, 0x0000000800000000)
  region size 1024K, 3 young (3072K), 3 survivors (3072K)
 Metaspace       used 14193K, capacity 14556K, committed 14848K, reserved 1062912K
  class space    used 1380K, capacity 1514K, committed 1536K, reserved 1048576K
}
Event: 10.255 GC heap before
{Heap before GC invocations=1 (full 0):
 garbage-first heap   total 131072K, used 24759K [0x0000000780000000, 0x0000000800000000)
  region size 1024K, 22 young (22528K), 3 survivors (3072K)
 Metaspace       used 20354K, capacity 20923K, committed 21248K, reserved 1069056K
  class space    used 2207K, capacity 2435K, committed 2560K, reserved 1048576K
}
Event: 10.328 GC heap after
{Heap after GC invocations=2 (full 0):
 garbage-first heap   total 131072K, used 6390K [0x0000000780000000, 0x0000000800000000)
  region size 1024K, 2 young (2048K), 2 survivors (2048K)
 Metaspace       used 20354K, capacity 20923K, committed 21248K, reserved 1069056K
  class space    used 2207K, capacity 2435K, committed 2560K, reserved 1048576K
}
Event: 10.339 GC heap before
{Heap before GC invocations=2 (full 0):
 garbage-first heap   total 131072K, used 6390K [0x0000000780000000, 0x0000000800000000)
  region size 1024K, 3 young (3072K), 2 survivors (2048K)
 Metaspace       used 20494K, capacity 21019K, committed 21248K, reserved 1069056K
  class space    used 2222K, capacity 2467K, committed 2560K, reserved 1048576K
}
Event: 10.355 GC heap after
{Heap after GC invocations=3 (full 0):
 garbage-first heap   total 131072K, used 6443K [0x0000000780000000, 0x0000000800000000)
  region size 1024K, 2 young (2048K), 2 survivors (2048K)
 Metaspace       used 20494K, capacity 21019K, committed 21248K, reserved 1069056K
  class space    used 2222K, capacity 2467K, committed 2560K, reserved 1048576K
}
Event: 15.671 GC heap before
{Heap before GC invocations=4 (full 0):
 garbage-first heap   total 131072K, used 48427K [0x0000000780000000, 0x0000000800000000)
  region size 1024K, 43 young (44032K), 2 survivors (2048K)
 Metaspace       used 29906K, capacity 31110K, committed 31360K, reserved 1077248K
  class space    used 3922K, capacity 4415K, committed 4480K, reserved 1048576K
}
Event: 15.721 GC heap after
{Heap after GC invocations=5 (full 0):
 garbage-first heap   total 131072K, used 11253K [0x0000000780000000, 0x0000000800000000)
  region size 1024K, 6 young (6144K), 6 survivors (6144K)
 Metaspace       used 29906K, capacity 31110K, committed 31360K, reserved 1077248K
  class space    used 3922K, capacity 4415K, committed 4480K, reserved 1048576K
}

